#Text
Tin bài khác
Từ khóa
Tin bài liên quan
Gửi ý kiến của bạn
Ý kiến bạn đọc
Tin bài cùng sự kiện
Tin bài nhiều người quan tâm
Thích và chia sẻ bài này trên
Thích và chia sẻ trên
Xem thêm
Đánh giá bài viết
Theo dòng sự kiện
Thích và chia sẻ chủ đề trên
Thích và chia sẻ bài viết này trên
Ý kiến của bạn
Chia sẻ với bạn bè
Viết bình luận
Tin liên quan
Xem các chủ đề mới nhất
Kỳ tới.*:
Nguồn.*:
Đọc tiếp.*:
Tên của bạn [(][*][)]
Các bài viết liên quan:

#English
Related Posts
Popular Posts
Comments
Read More
Add your comment
Add a comment
(\d){1,9} comments
View comments
Daily Posts, Be Updated, Subscribe
Want to receive .* news and updates
Share this.*:
Like this.*:
Source.*:
Subscribe.*:
Rating.*:
share this article on
print this article